<?xml version="1.0" encoding="UTF-8"?>
<!-- Generated by org.testng.reporters.JUnitReportReporter -->
<testsuite hostname="DESKTOP-41LS2H7" name="org.pickyourtrial.testcases.TC001" tests="1" failures="1" timestamp="25 Jun 2018 03:15:32 GMT" time="95.795" errors="0">
  <testcase name="search" time="95.795" classname="org.pickyourtrial.testcases.TC001">
    <failure type="java.lang.StackOverflowError">
      <![CDATA[java.lang.StackOverflowError
	at java.net.SocketInputStream.socketRead0(Native Method)
	at java.net.SocketInputStream.socketRead(Unknown Source)
	at java.net.SocketInputStream.read(Unknown Source)
	at java.net.SocketInputStream.read(Unknown Source)
	at org.apache.http.impl.io.SessionInputBufferImpl.streamRead(SessionInputBufferImpl.java:137)
	at org.apache.http.impl.io.SessionInputBufferImpl.fillBuffer(SessionInputBufferImpl.java:153)
	at org.apache.http.impl.BHttpConnectionBase.fillInputBuffer(BHttpConnectionBase.java:344)
	at org.apache.http.impl.BHttpConnectionBase.isStale(BHttpConnectionBase.java:364)
	at org.apache.http.impl.conn.CPoolProxy.isStale(CPoolProxy.java:112)
	at org.apache.http.impl.execchain.MainClientExec.execute(MainClientExec.java:209)
	at org.apache.http.impl.execchain.ProtocolExec.execute(ProtocolExec.java:185)
	at org.apache.http.impl.execchain.RetryExec.execute(RetryExec.java:89)
	at org.apache.http.impl.execchain.RedirectExec.execute(RedirectExec.java:111)
	at org.apache.http.impl.client.InternalHttpClient.doExecute(InternalHttpClient.java:185)
	at org.apache.http.impl.client.CloseableHttpClient.execute(CloseableHttpClient.java:72)
	at org.apache.http.impl.client.CloseableHttpClient.execute(CloseableHttpClient.java:56)
	at org.openqa.selenium.remote.internal.ApacheHttpClient.fallBackExecute(ApacheHttpClient.java:138)
	at org.openqa.selenium.remote.internal.ApacheHttpClient.execute(ApacheHttpClient.java:86)
	at org.openqa.selenium.remote.HttpCommandExecutor.execute(HttpCommandExecutor.java:161)
	at org.openqa.selenium.remote.service.DriverCommandExecutor.execute(DriverCommandExecutor.java:83)
	at org.openqa.selenium.remote.RemoteWebDriver.execute(RemoteWebDriver.java:601)
	at org.openqa.selenium.remote.RemoteWebDriver.execute(RemoteWebDriver.java:658)
	at org.openqa.selenium.remote.RemoteWebDriver.getScreenshotAs(RemoteWebDriver.java:343)
	at org.pickyourtrial.wrappers.GenericWrappers.takeSnap(GenericWrappers.java:582)
	at org.pickyourtrial.utils.Reporter.reportStep(Reporter.java:40)
	at org.pickyourtrial.wrappers.GenericWrappers.takeSnap(GenericWrappers.java:584)
	at org.pickyourtrial.utils.Reporter.reportStep(Reporter.java:40)
	at org.pickyourtrial.wrappers.GenericWrappers.takeSnap(GenericWrappers.java:584)
	at org.pickyourtrial.utils.Reporter.reportStep(Reporter.java:40)
	at org.pickyourtrial.wrappers.GenericWrappers.takeSnap(GenericWrappers.java:584)
	at org.pickyourtrial.utils.Reporter.reportStep(Reporter.java:40)
	at org.pickyourtrial.wrappers.GenericWrappers.takeSnap(GenericWrappers.java:584)
	at org.pickyourtrial.utils.Reporter.reportStep(Reporter.java:40)
	at org.pickyourtrial.wrappers.GenericWrappers.takeSnap(GenericWrappers.java:584)
	at org.pickyourtrial.utils.Reporter.reportStep(Reporter.java:40)
	at org.pickyourtrial.wrappers.GenericWrappers.takeSnap(GenericWrappers.java:584)
	at org.pickyourtrial.utils.Reporter.reportStep(Reporter.java:40)
	at org.pickyourtrial.wrappers.GenericWrappers.takeSnap(GenericWrappers.java:584)
	at org.pickyourtrial.utils.Reporter.reportStep(Reporter.java:40)
	at org.pickyourtrial.wrappers.GenericWrappers.takeSnap(GenericWrappers.java:584)
	at org.pickyourtrial.utils.Reporter.reportStep(Reporter.java:40)
	at org.pickyourtrial.wrappers.GenericWrappers.takeSnap(GenericWrappers.java:584)
	at org.pickyourtrial.utils.Reporter.reportStep(Reporter.java:40)
	at org.pickyourtrial.wrappers.GenericWrappers.takeSnap(GenericWrappers.java:584)
	at org.pickyourtrial.utils.Reporter.reportStep(Reporter.java:40)
	at org.pickyourtrial.wrappers.GenericWrappers.takeSnap(GenericWrappers.java:584)
	at org.pickyourtrial.utils.Reporter.reportStep(Reporter.java:40)
	at org.pickyourtrial.wrappers.GenericWrappers.takeSnap(GenericWrappers.java:584)
	at org.pickyourtrial.utils.Reporter.reportStep(Reporter.java:40)
	at org.pickyourtrial.wrappers.GenericWrappers.takeSnap(GenericWrappers.java:584)
	at org.pickyourtrial.utils.Reporter.reportStep(Reporter.java:40)
	at org.pickyourtrial.wrappers.GenericWrappers.takeSnap(GenericWrappers.java:584)
	at org.pickyourtrial.utils.Reporter.reportStep(Reporter.java:40)
	at org.pickyourtrial.wrappers.GenericWrappers.takeSnap(GenericWrappers.java:584)
	at org.pickyourtrial.utils.Reporter.reportStep(Reporter.java:40)
	at org.pickyourtrial.wrappers.GenericWrappers.takeSnap(GenericWrappers.java:584)
	at org.pickyourtrial.utils.Reporter.reportStep(Reporter.java:40)
	at org.pickyourtrial.wrappers.GenericWrappers.takeSnap(GenericWrappers.java:584)
	at org.pickyourtrial.utils.Reporter.reportStep(Reporter.java:40)
	at org.pickyourtrial.wrappers.GenericWrappers.takeSnap(GenericWrappers.java:584)
	at org.pickyourtrial.utils.Reporter.reportStep(Reporter.java:40)
	at org.pickyourtrial.wrappers.GenericWrappers.takeSnap(GenericWrappers.java:584)
	at org.pickyourtrial.utils.Reporter.reportStep(Reporter.java:40)
	at org.pickyourtrial.wrappers.GenericWrappers.takeSnap(GenericWrappers.java:584)
	at org.pickyourtrial.utils.Reporter.reportStep(Reporter.java:40)
	at org.pickyourtrial.wrappers.GenericWrappers.takeSnap(GenericWrappers.java:584)
	at org.pickyourtrial.utils.Reporter.reportStep(Reporter.java:40)
	at org.pickyourtrial.wrappers.GenericWrappers.takeSnap(GenericWrappers.java:584)
	at org.pickyourtrial.utils.Reporter.reportStep(Reporter.java:40)
	at org.pickyourtrial.wrappers.GenericWrappers.takeSnap(GenericWrappers.java:584)
	at org.pickyourtrial.utils.Reporter.reportStep(Reporter.java:40)
	at org.pickyourtrial.wrappers.GenericWrappers.takeSnap(GenericWrappers.java:584)
	at org.pickyourtrial.utils.Reporter.reportStep(Reporter.java:40)
	at org.pickyourtrial.wrappers.GenericWrappers.takeSnap(GenericWrappers.java:584)
	at org.pickyourtrial.utils.Reporter.reportStep(Reporter.java:40)
	at org.pickyourtrial.wrappers.GenericWrappers.takeSnap(GenericWrappers.java:584)
	at org.pickyourtrial.utils.Reporter.reportStep(Reporter.java:40)
	at org.pickyourtrial.wrappers.GenericWrappers.takeSnap(GenericWrappers.java:584)
	at org.pickyourtrial.utils.Reporter.reportStep(Reporter.java:40)
	at org.pickyourtrial.wrappers.GenericWrappers.takeSnap(GenericWrappers.java:584)
	at org.pickyourtrial.utils.Reporter.reportStep(Reporter.java:40)
	at org.pickyourtrial.wrappers.GenericWrappers.takeSnap(GenericWrappers.java:584)
	at org.pickyourtrial.utils.Reporter.reportStep(Reporter.java:40)
	at org.pickyourtrial.wrappers.GenericWrappers.takeSnap(GenericWrappers.java:584)
	at org.pickyourtrial.utils.Reporter.reportStep(Reporter.java:40)
	at org.pickyourtrial.wrappers.GenericWrappers.takeSnap(GenericWrappers.java:584)
	at org.pickyourtrial.utils.Reporter.reportStep(Reporter.java:40)
	at org.pickyourtrial.wrappers.GenericWrappers.takeSnap(GenericWrappers.java:584)
	at org.pickyourtrial.utils.Reporter.reportStep(Reporter.java:40)
	at org.pickyourtrial.wrappers.GenericWrappers.takeSnap(GenericWrappers.java:584)
	at org.pickyourtrial.utils.Reporter.reportStep(Reporter.java:40)
	at org.pickyourtrial.wrappers.GenericWrappers.takeSnap(GenericWrappers.java:584)
	at org.pickyourtrial.utils.Reporter.reportStep(Reporter.java:40)
	at org.pickyourtrial.wrappers.GenericWrappers.takeSnap(GenericWrappers.java:584)
	at org.pickyourtrial.utils.Reporter.reportStep(Reporter.java:40)
	at org.pickyourtrial.wrappers.GenericWrappers.takeSnap(GenericWrappers.java:584)
	at org.pickyourtrial.utils.Reporter.reportStep(Reporter.java:40)
	at org.pickyourtrial.wrappers.GenericWrappers.takeSnap(GenericWrappers.java:584)
	at org.pickyourtrial.utils.Reporter.reportStep(Reporter.java:40)
	at org.pickyourtrial.wrappers.GenericWrappers.takeSnap(GenericWrappers.java:584)
	at org.pickyourtrial.utils.Reporter.reportStep(Reporter.java:40)
	at org.pickyourtrial.wrappers.GenericWrappers.takeSnap(GenericWrappers.java:584)
	at org.pickyourtrial.utils.Reporter.reportStep(Reporter.java:40)
	at org.pickyourtrial.wrappers.GenericWrappers.takeSnap(GenericWrappers.java:584)
	at org.pickyourtrial.utils.Reporter.reportStep(Reporter.java:40)
	at org.pickyourtrial.wrappers.GenericWrappers.takeSnap(GenericWrappers.java:584)
	at org.pickyourtrial.utils.Reporter.reportStep(Reporter.java:40)
	at org.pickyourtrial.wrappers.GenericWrappers.takeSnap(GenericWrappers.java:584)
	at org.pickyourtrial.utils.Reporter.reportStep(Reporter.java:40)
	at org.pickyourtrial.wrappers.GenericWrappers.takeSnap(GenericWrappers.java:584)
	at org.pickyourtrial.utils.Reporter.reportStep(Reporter.java:40)
	at org.pickyourtrial.wrappers.GenericWrappers.takeSnap(GenericWrappers.java:584)
	at org.pickyourtrial.utils.Reporter.reportStep(Reporter.java:40)
	at org.pickyourtrial.wrappers.GenericWrappers.takeSnap(GenericWrappers.java:584)
	at org.pickyourtrial.utils.Reporter.reportStep(Reporter.java:40)
	at org.pickyourtrial.wrappers.GenericWrappers.takeSnap(GenericWrappers.java:584)
	at org.pickyourtrial.utils.Reporter.reportStep(Reporter.java:40)
	at org.pickyourtrial.wrappers.GenericWrappers.takeSnap(GenericWrappers.java:584)
	at org.pickyourtrial.utils.Reporter.reportStep(Reporter.java:40)
	at org.pickyourtrial.wrappers.GenericWrappers.takeSnap(GenericWrappers.java:584)
	at org.pickyourtrial.utils.Reporter.reportStep(Reporter.java:40)
	at org.pickyourtrial.wrappers.GenericWrappers.takeSnap(GenericWrappers.java:584)
	at org.pickyourtrial.utils.Reporter.reportStep(Reporter.java:40)
	at org.pickyourtrial.wrappers.GenericWrappers.takeSnap(GenericWrappers.java:584)
	at org.pickyourtrial.utils.Reporter.reportStep(Reporter.java:40)
	at org.pickyourtrial.wrappers.GenericWrappers.takeSnap(GenericWrappers.java:584)
	at org.pickyourtrial.utils.Reporter.reportStep(Reporter.java:40)
	at org.pickyourtrial.wrappers.GenericWrappers.takeSnap(GenericWrappers.java:584)
	at org.pickyourtrial.utils.Reporter.reportStep(Reporter.java:40)
	at org.pickyourtrial.wrappers.GenericWrappers.takeSnap(GenericWrappers.java:584)
	at org.pickyourtrial.utils.Reporter.reportStep(Reporter.java:40)
	at org.pickyourtrial.wrappers.GenericWrappers.takeSnap(GenericWrappers.java:584)
	at org.pickyourtrial.utils.Reporter.reportStep(Reporter.java:40)
	at org.pickyourtrial.wrappers.GenericWrappers.takeSnap(GenericWrappers.java:584)
	at org.pickyourtrial.utils.Reporter.reportStep(Reporter.java:40)
	at org.pickyourtrial.wrappers.GenericWrappers.takeSnap(GenericWrappers.java:584)
	at org.pickyourtrial.utils.Reporter.reportStep(Reporter.java:40)
	at org.pickyourtrial.wrappers.GenericWrappers.takeSnap(GenericWrappers.java:584)
	at org.pickyourtrial.utils.Reporter.reportStep(Reporter.java:40)
	at org.pickyourtrial.wrappers.GenericWrappers.takeSnap(GenericWrappers.java:584)
	at org.pickyourtrial.utils.Reporter.reportStep(Reporter.java:40)
	at org.pickyourtrial.wrappers.GenericWrappers.takeSnap(GenericWrappers.java:584)
	at org.pickyourtrial.utils.Reporter.reportStep(Reporter.java:40)
	at org.pickyourtrial.wrappers.GenericWrappers.takeSnap(GenericWrappers.java:584)
	at org.pickyourtrial.utils.Reporter.reportStep(Reporter.java:40)
	at org.pickyourtrial.wrappers.GenericWrappers.takeSnap(GenericWrappers.java:584)
	at org.pickyourtrial.utils.Reporter.reportStep(Reporter.java:40)
	at org.pickyourtrial.wrappers.GenericWrappers.takeSnap(GenericWrappers.java:584)
	at org.pickyourtrial.utils.Reporter.reportStep(Reporter.java:40)
	at org.pickyourtrial.wrappers.GenericWrappers.takeSnap(GenericWrappers.java:584)
	at org.pickyourtrial.utils.Reporter.reportStep(Reporter.java:40)
	at org.pickyourtrial.wrappers.GenericWrappers.takeSnap(GenericWrappers.java:584)
	at org.pickyourtrial.utils.Reporter.reportStep(Reporter.java:40)
	at org.pickyourtrial.wrappers.GenericWrappers.takeSnap(GenericWrappers.java:584)
	at org.pickyourtrial.utils.Reporter.reportStep(Reporter.java:40)
	at org.pickyourtrial.wrappers.GenericWrappers.takeSnap(GenericWrappers.java:584)
	at org.pickyourtrial.utils.Reporter.reportStep(Reporter.java:40)
	at org.pickyourtrial.wrappers.GenericWrappers.takeSnap(GenericWrappers.java:584)
	at org.pickyourtrial.utils.Reporter.reportStep(Reporter.java:40)
	at org.pickyourtrial.wrappers.GenericWrappers.takeSnap(GenericWrappers.java:584)
	at org.pickyourtrial.utils.Reporter.reportStep(Reporter.java:40)
	at org.pickyourtrial.wrappers.GenericWrappers.takeSnap(GenericWrappers.java:584)
	at org.pickyourtrial.utils.Reporter.reportStep(Reporter.java:40)
	at org.pickyourtrial.wrappers.GenericWrappers.takeSnap(GenericWrappers.java:584)
	at org.pickyourtrial.utils.Reporter.reportStep(Reporter.java:40)
	at org.pickyourtrial.wrappers.GenericWrappers.takeSnap(GenericWrappers.java:584)
	at org.pickyourtrial.utils.Reporter.reportStep(Reporter.java:40)
	at org.pickyourtrial.wrappers.GenericWrappers.takeSnap(GenericWrappers.java:584)
	at org.pickyourtrial.utils.Reporter.reportStep(Reporter.java:40)
	at org.pickyourtrial.wrappers.GenericWrappers.takeSnap(GenericWrappers.java:584)
	at org.pickyourtrial.utils.Reporter.reportStep(Reporter.java:40)
	at org.pickyourtrial.wrappers.GenericWrappers.takeSnap(GenericWrappers.java:584)
	at org.pickyourtrial.utils.Reporter.reportStep(Reporter.java:40)
	at org.pickyourtrial.wrappers.GenericWrappers.takeSnap(GenericWrappers.java:584)
	at org.pickyourtrial.utils.Reporter.reportStep(Reporter.java:40)
	at org.pickyourtrial.wrappers.GenericWrappers.takeSnap(GenericWrappers.java:584)
	at org.pickyourtrial.utils.Reporter.reportStep(Reporter.java:40)
	at org.pickyourtrial.wrappers.GenericWrappers.takeSnap(GenericWrappers.java:584)
	at org.pickyourtrial.utils.Reporter.reportStep(Reporter.java:40)
	at org.pickyourtrial.wrappers.GenericWrappers.takeSnap(GenericWrappers.java:584)
	at org.pickyourtrial.utils.Reporter.reportStep(Reporter.java:40)
	at org.pickyourtrial.wrappers.GenericWrappers.takeSnap(GenericWrappers.java:584)
	at org.pickyourtrial.utils.Reporter.reportStep(Reporter.java:40)
	at org.pickyourtrial.wrappers.GenericWrappers.takeSnap(GenericWrappers.java:584)
	at org.pickyourtrial.utils.Reporter.reportStep(Reporter.java:40)
	at org.pickyourtrial.wrappers.GenericWrappers.takeSnap(GenericWrappers.java:584)
	at org.pickyourtrial.utils.Reporter.reportStep(Reporter.java:40)
	at org.pickyourtrial.wrappers.GenericWrappers.takeSnap(GenericWrappers.java:584)
	at org.pickyourtrial.utils.Reporter.reportStep(Reporter.java:40)
	at org.pickyourtrial.wrappers.GenericWrappers.takeSnap(GenericWrappers.java:584)
	at org.pickyourtrial.utils.Reporter.reportStep(Reporter.java:40)
	at org.pickyourtrial.wrappers.GenericWrappers.takeSnap(GenericWrappers.java:584)
	at org.pickyourtrial.utils.Reporter.reportStep(Reporter.java:40)
	at org.pickyourtrial.wrappers.GenericWrappers.takeSnap(GenericWrappers.java:584)
	at org.pickyourtrial.utils.Reporter.reportStep(Reporter.java:40)
	at org.pickyourtrial.wrappers.GenericWrappers.takeSnap(GenericWrappers.java:584)
	at org.pickyourtrial.utils.Reporter.reportStep(Reporter.java:40)
	at org.pickyourtrial.wrappers.GenericWrappers.takeSnap(GenericWrappers.java:584)
	at org.pickyourtrial.utils.Reporter.reportStep(Reporter.java:40)
	at org.pickyourtrial.wrappers.GenericWrappers.takeSnap(GenericWrappers.java:584)
	at org.pickyourtrial.utils.Reporter.reportStep(Reporter.java:40)
	at org.pickyourtrial.wrappers.GenericWrappers.takeSnap(GenericWrappers.java:584)
	at org.pickyourtrial.utils.Reporter.reportStep(Reporter.java:40)
	at org.pickyourtrial.wrappers.GenericWrappers.takeSnap(GenericWrappers.java:584)
	at org.pickyourtrial.utils.Reporter.reportStep(Reporter.java:40)
	at org.pickyourtrial.wrappers.GenericWrappers.takeSnap(GenericWrappers.java:584)
	at org.pickyourtrial.utils.Reporter.reportStep(Reporter.java:40)
	at org.pickyourtrial.wrappers.GenericWrappers.takeSnap(GenericWrappers.java:584)
	at org.pickyourtrial.utils.Reporter.reportStep(Reporter.java:40)
	at org.pickyourtrial.wrappers.GenericWrappers.takeSnap(GenericWrappers.java:584)
	at org.pickyourtrial.utils.Reporter.reportStep(Reporter.java:40)
	at org.pickyourtrial.wrappers.GenericWrappers.takeSnap(GenericWrappers.java:584)
	at org.pickyourtrial.utils.Reporter.reportStep(Reporter.java:40)
	at org.pickyourtrial.wrappers.GenericWrappers.takeSnap(GenericWrappers.java:584)
	at org.pickyourtrial.utils.Reporter.reportStep(Reporter.java:40)
	at org.pickyourtrial.wrappers.GenericWrappers.takeSnap(GenericWrappers.java:584)
	at org.pickyourtrial.utils.Reporter.reportStep(Reporter.java:40)
	at org.pickyourtrial.wrappers.GenericWrappers.takeSnap(GenericWrappers.java:584)
	at org.pickyourtrial.utils.Reporter.reportStep(Reporter.java:40)
	at org.pickyourtrial.wrappers.GenericWrappers.takeSnap(GenericWrappers.java:584)
	at org.pickyourtrial.utils.Reporter.reportStep(Reporter.java:40)
	at org.pickyourtrial.wrappers.GenericWrappers.takeSnap(GenericWrappers.java:584)
	at org.pickyourtrial.utils.Reporter.reportStep(Reporter.java:40)
	at org.pickyourtrial.wrappers.GenericWrappers.takeSnap(GenericWrappers.java:584)
	at org.pickyourtrial.utils.Reporter.reportStep(Reporter.java:40)
	at org.pickyourtrial.wrappers.GenericWrappers.takeSnap(GenericWrappers.java:584)
	at org.pickyourtrial.utils.Reporter.reportStep(Reporter.java:40)
	at org.pickyourtrial.wrappers.GenericWrappers.takeSnap(GenericWrappers.java:584)
	at org.pickyourtrial.utils.Reporter.reportStep(Reporter.java:40)
	at org.pickyourtrial.wrappers.GenericWrappers.takeSnap(GenericWrappers.java:584)
	at org.pickyourtrial.utils.Reporter.reportStep(Reporter.java:40)
	at org.pickyourtrial.wrappers.GenericWrappers.takeSnap(GenericWrappers.java:584)
	at org.pickyourtrial.utils.Reporter.reportStep(Reporter.java:40)
	at org.pickyourtrial.wrappers.GenericWrappers.takeSnap(GenericWrappers.java:584)
	at org.pickyourtrial.utils.Reporter.reportStep(Reporter.java:40)
	at org.pickyourtrial.wrappers.GenericWrappers.takeSnap(GenericWrappers.java:584)
	at org.pickyourtrial.utils.Reporter.reportStep(Reporter.java:40)
	at org.pickyourtrial.wrappers.GenericWrappers.takeSnap(GenericWrappers.java:584)
	at org.pickyourtrial.utils.Reporter.reportStep(Reporter.java:40)
	at org.pickyourtrial.wrappers.GenericWrappers.takeSnap(GenericWrappers.java:584)
	at org.pickyourtrial.utils.Reporter.reportStep(Reporter.java:40)
	at org.pickyourtrial.wrappers.GenericWrappers.takeSnap(GenericWrappers.java:584)
	at org.pickyourtrial.utils.Reporter.reportStep(Reporter.java:40)
	at org.pickyourtrial.wrappers.GenericWrappers.takeSnap(GenericWrappers.java:584)
	at org.pickyourtrial.utils.Reporter.reportStep(Reporter.java:40)
	at org.pickyourtrial.wrappers.GenericWrappers.takeSnap(GenericWrappers.java:584)
	at org.pickyourtrial.utils.Reporter.reportStep(Reporter.java:40)
	at org.pickyourtrial.wrappers.GenericWrappers.takeSnap(GenericWrappers.java:584)
	at org.pickyourtrial.utils.Reporter.reportStep(Reporter.java:40)
	at org.pickyourtrial.wrappers.GenericWrappers.takeSnap(GenericWrappers.java:584)
	at org.pickyourtrial.utils.Reporter.reportStep(Reporter.java:40)
	at org.pickyourtrial.wrappers.GenericWrappers.takeSnap(GenericWrappers.java:584)
	at org.pickyourtrial.utils.Reporter.reportStep(Reporter.java:40)
	at org.pickyourtrial.wrappers.GenericWrappers.takeSnap(GenericWrappers.java:584)
	at org.pickyourtrial.utils.Reporter.reportStep(Reporter.java:40)
	at org.pickyourtrial.wrappers.GenericWrappers.takeSnap(GenericWrappers.java:584)
	at org.pickyourtrial.utils.Reporter.reportStep(Reporter.java:40)
	at org.pickyourtrial.wrappers.GenericWrappers.takeSnap(GenericWrappers.java:584)
	at org.pickyourtrial.utils.Reporter.reportStep(Reporter.java:40)
	at org.pickyourtrial.wrappers.GenericWrappers.takeSnap(GenericWrappers.java:584)
	at org.pickyourtrial.utils.Reporter.reportStep(Reporter.java:40)
	at org.pickyourtrial.wrappers.GenericWrappers.takeSnap(GenericWrappers.java:584)
	at org.pickyourtrial.utils.Reporter.reportStep(Reporter.java:40)
	at org.pickyourtrial.wrappers.GenericWrappers.takeSnap(GenericWrappers.java:584)
	at org.pickyourtrial.utils.Reporter.reportStep(Reporter.java:40)
	at org.pickyourtrial.wrappers.GenericWrappers.takeSnap(GenericWrappers.java:584)
	at org.pickyourtrial.utils.Reporter.reportStep(Reporter.java:40)
	at org.pickyourtrial.wrappers.GenericWrappers.takeSnap(GenericWrappers.java:584)
	at org.pickyourtrial.utils.Reporter.reportStep(Reporter.java:40)
	at org.pickyourtrial.wrappers.GenericWrappers.takeSnap(GenericWrappers.java:584)
	at org.pickyourtrial.utils.Reporter.reportStep(Reporter.java:40)
	at org.pickyourtrial.wrappers.GenericWrappers.takeSnap(GenericWrappers.java:584)
	at org.pickyourtrial.utils.Reporter.reportStep(Reporter.java:40)
	at org.pickyourtrial.wrappers.GenericWrappers.takeSnap(GenericWrappers.java:584)
	at org.pickyourtrial.utils.Reporter.reportStep(Reporter.java:40)
	at org.pickyourtrial.wrappers.GenericWrappers.takeSnap(GenericWrappers.java:584)
	at org.pickyourtrial.utils.Reporter.reportStep(Reporter.java:40)
	at org.pickyourtrial.wrappers.GenericWrappers.takeSnap(GenericWrappers.java:584)
	at org.pickyourtrial.utils.Reporter.reportStep(Reporter.java:40)
	at org.pickyourtrial.wrappers.GenericWrappers.takeSnap(GenericWrappers.java:584)
	at org.pickyourtrial.utils.Reporter.reportStep(Reporter.java:40)
	at org.pickyourtrial.wrappers.GenericWrappers.takeSnap(GenericWrappers.java:584)
	at org.pickyourtrial.utils.Reporter.reportStep(Reporter.java:40)
	at org.pickyourtrial.wrappers.GenericWrappers.takeSnap(GenericWrappers.java:584)
	at org.pickyourtrial.utils.Reporter.reportStep(Reporter.java:40)
	at org.pickyourtrial.wrappers.GenericWrappers.takeSnap(GenericWrappers.java:584)
	at org.pickyourtrial.utils.Reporter.reportStep(Reporter.java:40)
	at org.pickyourtrial.wrappers.GenericWrappers.takeSnap(GenericWrappers.java:584)
	at org.pickyourtrial.utils.Reporter.reportStep(Reporter.java:40)
	at org.pickyourtrial.wrappers.GenericWrappers.takeSnap(GenericWrappers.java:584)
	at org.pickyourtrial.utils.Reporter.reportStep(Reporter.java:40)
	at org.pickyourtrial.wrappers.GenericWrappers.takeSnap(GenericWrappers.java:584)
	at org.pickyourtrial.utils.Reporter.reportStep(Reporter.java:40)
	at org.pickyourtrial.wrappers.GenericWrappers.takeSnap(GenericWrappers.java:584)
	at org.pickyourtrial.utils.Reporter.reportStep(Reporter.java:40)
	at org.pickyourtrial.wrappers.GenericWrappers.takeSnap(GenericWrappers.java:584)
	at org.pickyourtrial.utils.Reporter.reportStep(Reporter.java:40)
	at org.pickyourtrial.wrappers.GenericWrappers.takeSnap(GenericWrappers.java:584)
	at org.pickyourtrial.utils.Reporter.reportStep(Reporter.java:40)
	at org.pickyourtrial.wrappers.GenericWrappers.takeSnap(GenericWrappers.java:584)
	at org.pickyourtrial.utils.Reporter.reportStep(Reporter.java:40)
	at org.pickyourtrial.wrappers.GenericWrappers.takeSnap(GenericWrappers.java:584)
	at org.pickyourtrial.utils.Reporter.reportStep(Reporter.java:40)
	at org.pickyourtrial.wrappers.GenericWrappers.takeSnap(GenericWrappers.java:584)
	at org.pickyourtrial.utils.Reporter.reportStep(Reporter.java:40)
	at org.pickyourtrial.wrappers.GenericWrappers.takeSnap(GenericWrappers.java:584)
	at org.pickyourtrial.utils.Reporter.reportStep(Reporter.java:40)
	at org.pickyourtrial.wrappers.GenericWrappers.takeSnap(GenericWrappers.java:584)
	at org.pickyourtrial.utils.Reporter.reportStep(Reporter.java:40)
	at org.pickyourtrial.wrappers.GenericWrappers.takeSnap(GenericWrappers.java:584)
	at org.pickyourtrial.utils.Reporter.reportStep(Reporter.java:40)
	at org.pickyourtrial.wrappers.GenericWrappers.takeSnap(GenericWrappers.java:584)
	at org.pickyourtrial.utils.Reporter.reportStep(Reporter.java:40)
	at org.pickyourtrial.wrappers.GenericWrappers.takeSnap(GenericWrappers.java:584)
	at org.pickyourtrial.utils.Reporter.reportStep(Reporter.java:40)
	at org.pickyourtrial.wrappers.GenericWrappers.takeSnap(GenericWrappers.java:584)
	at org.pickyourtrial.utils.Reporter.reportStep(Reporter.java:40)
	at org.pickyourtrial.wrappers.GenericWrappers.takeSnap(GenericWrappers.java:584)
	at org.pickyourtrial.utils.Reporter.reportStep(Reporter.java:40)
	at org.pickyourtrial.wrappers.GenericWrappers.takeSnap(GenericWrappers.java:584)
	at org.pickyourtrial.utils.Reporter.reportStep(Reporter.java:40)
	at org.pickyourtrial.wrappers.GenericWrappers.takeSnap(GenericWrappers.java:584)
	at org.pickyourtrial.utils.Reporter.reportStep(Reporter.java:40)
	at org.pickyourtrial.wrappers.GenericWrappers.takeSnap(GenericWrappers.java:584)
	at org.pickyourtrial.utils.Reporter.reportStep(Reporter.java:40)
	at org.pickyourtrial.wrappers.GenericWrappers.takeSnap(GenericWrappers.java:584)
	at org.pickyourtrial.utils.Reporter.reportStep(Reporter.java:40)
	at org.pickyourtrial.wrappers.GenericWrappers.takeSnap(GenericWrappers.java:584)
	at org.pickyourtrial.utils.Reporter.reportStep(Reporter.java:40)
	at org.pickyourtrial.wrappers.GenericWrappers.takeSnap(GenericWrappers.java:584)
	at org.pickyourtrial.utils.Reporter.reportStep(Reporter.java:40)
	at org.pickyourtrial.wrappers.GenericWrappers.takeSnap(GenericWrappers.java:584)
	at org.pickyourtrial.utils.Reporter.reportStep(Reporter.java:40)
	at org.pickyourtrial.wrappers.GenericWrappers.takeSnap(GenericWrappers.java:584)
	at org.pickyourtrial.utils.Reporter.reportStep(Reporter.java:40)
	at org.pickyourtrial.wrappers.GenericWrappers.takeSnap(GenericWrappers.java:584)
	at org.pickyourtrial.utils.Reporter.reportStep(Reporter.java:40)
	at org.pickyourtrial.wrappers.GenericWrappers.takeSnap(GenericWrappers.java:584)
	at org.pickyourtrial.utils.Reporter.reportStep(Reporter.java:40)
	at org.pickyourtrial.wrappers.GenericWrappers.takeSnap(GenericWrappers.java:584)
	at org.pickyourtrial.utils.Reporter.reportStep(Reporter.java:40)
	at org.pickyourtrial.wrappers.GenericWrappers.takeSnap(GenericWrappers.java:584)
	at org.pickyourtrial.utils.Reporter.reportStep(Reporter.java:40)
	at org.pickyourtrial.wrappers.GenericWrappers.takeSnap(GenericWrappers.java:584)
	at org.pickyourtrial.utils.Reporter.reportStep(Reporter.java:40)
	at org.pickyourtrial.wrappers.GenericWrappers.takeSnap(GenericWrappers.java:584)
	at org.pickyourtrial.utils.Reporter.reportStep(Reporter.java:40)
	at org.pickyourtrial.wrappers.GenericWrappers.takeSnap(GenericWrappers.java:584)
	at org.pickyourtrial.utils.Reporter.reportStep(Reporter.java:40)
	at org.pickyourtrial.wrappers.GenericWrappers.takeSnap(GenericWrappers.java:584)
	at org.pickyourtrial.utils.Reporter.reportStep(Reporter.java:40)
	at org.pickyourtrial.wrappers.GenericWrappers.takeSnap(GenericWrappers.java:584)
	at org.pickyourtrial.utils.Reporter.reportStep(Reporter.java:40)
	at org.pickyourtrial.wrappers.GenericWrappers.takeSnap(GenericWrappers.java:584)
	at org.pickyourtrial.utils.Reporter.reportStep(Reporter.java:40)
	at org.pickyourtrial.wrappers.GenericWrappers.takeSnap(GenericWrappers.java:584)
	at org.pickyourtrial.utils.Reporter.reportStep(Reporter.java:40)
	at org.pickyourtrial.wrappers.GenericWrappers.takeSnap(GenericWrappers.java:584)
	at org.pickyourtrial.utils.Reporter.reportStep(Reporter.java:40)
	at org.pickyourtrial.wrappers.GenericWrappers.takeSnap(GenericWrappers.java:584)
	at org.pickyourtrial.utils.Reporter.reportStep(Reporter.java:40)
	at org.pickyourtrial.wrappers.GenericWrappers.takeSnap(GenericWrappers.java:584)
	at org.pickyourtrial.utils.Reporter.reportStep(Reporter.java:40)
	at org.pickyourtrial.wrappers.GenericWrappers.takeSnap(GenericWrappers.java:584)
	at org.pickyourtrial.utils.Reporter.reportStep(Reporter.java:40)
	at org.pickyourtrial.wrappers.GenericWrappers.takeSnap(GenericWrappers.java:584)
	at org.pickyourtrial.utils.Reporter.reportStep(Reporter.java:40)
	at org.pickyourtrial.wrappers.GenericWrappers.takeSnap(GenericWrappers.java:584)
	at org.pickyourtrial.utils.Reporter.reportStep(Reporter.java:40)
	at org.pickyourtrial.wrappers.GenericWrappers.takeSnap(GenericWrappers.java:584)
	at org.pickyourtrial.utils.Reporter.reportStep(Reporter.java:40)
	at org.pickyourtrial.wrappers.GenericWrappers.takeSnap(GenericWrappers.java:584)
	at org.pickyourtrial.utils.Reporter.reportStep(Reporter.java:40)
	at org.pickyourtrial.wrappers.GenericWrappers.takeSnap(GenericWrappers.java:584)
	at org.pickyourtrial.utils.Reporter.reportStep(Reporter.java:40)
	at org.pickyourtrial.wrappers.GenericWrappers.takeSnap(GenericWrappers.java:584)
	at org.pickyourtrial.utils.Reporter.reportStep(Reporter.java:40)
	at org.pickyourtrial.wrappers.GenericWrappers.takeSnap(GenericWrappers.java:584)
	at org.pickyourtrial.utils.Reporter.reportStep(Reporter.java:40)
	at org.pickyourtrial.wrappers.GenericWrappers.takeSnap(GenericWrappers.java:584)
	at org.pickyourtrial.utils.Reporter.reportStep(Reporter.java:40)
	at org.pickyourtrial.wrappers.GenericWrappers.takeSnap(GenericWrappers.java:584)
	at org.pickyourtrial.utils.Reporter.reportStep(Reporter.java:40)
	at org.pickyourtrial.wrappers.GenericWrappers.takeSnap(GenericWrappers.java:584)
	at org.pickyourtrial.utils.Reporter.reportStep(Reporter.java:40)
	at org.pickyourtrial.wrappers.GenericWrappers.takeSnap(GenericWrappers.java:584)
	at org.pickyourtrial.utils.Reporter.reportStep(Reporter.java:40)
	at org.pickyourtrial.wrappers.GenericWrappers.takeSnap(GenericWrappers.java:584)
	at org.pickyourtrial.utils.Reporter.reportStep(Reporter.java:40)
	at org.pickyourtrial.wrappers.GenericWrappers.takeSnap(GenericWrappers.java:584)
	at org.pickyourtrial.utils.Reporter.reportStep(Reporter.java:40)
	at org.pickyourtrial.wrappers.GenericWrappers.takeSnap(GenericWrappers.java:584)
	at org.pickyourtrial.utils.Reporter.reportStep(Reporter.java:40)
	at org.pickyourtrial.wrappers.GenericWrappers.takeSnap(GenericWrappers.java:584)
	at org.pickyourtrial.utils.Reporter.reportStep(Reporter.java:40)
	at org.pickyourtrial.wrappers.GenericWrappers.takeSnap(GenericWrappers.java:584)
	at org.pickyourtrial.utils.Reporter.reportStep(Reporter.java:40)
	at org.pickyourtrial.wrappers.GenericWrappers.takeSnap(GenericWrappers.java:584)
	at org.pickyourtrial.utils.Reporter.reportStep(Reporter.java:40)
	at org.pickyourtrial.wrappers.GenericWrappers.takeSnap(GenericWrappers.java:584)
	at org.pickyourtrial.utils.Reporter.reportStep(Reporter.java:40)
	at org.pickyourtrial.wrappers.GenericWrappers.takeSnap(GenericWrappers.java:584)
	at org.pickyourtrial.utils.Reporter.reportStep(Reporter.java:40)
	at org.pickyourtrial.wrappers.GenericWrappers.takeSnap(GenericWrappers.java:584)
	at org.pickyourtrial.utils.Reporter.reportStep(Reporter.java:40)
	at org.pickyourtrial.wrappers.GenericWrappers.takeSnap(GenericWrappers.java:584)
	at org.pickyourtrial.utils.Reporter.reportStep(Reporter.java:40)
	at org.pickyourtrial.wrappers.GenericWrappers.takeSnap(GenericWrappers.java:584)
	at org.pickyourtrial.utils.Reporter.reportStep(Reporter.java:40)
	at org.pickyourtrial.wrappers.GenericWrappers.takeSnap(GenericWrappers.java:584)
	at org.pickyourtrial.utils.Reporter.reportStep(Reporter.java:40)
	at org.pickyourtrial.wrappers.GenericWrappers.takeSnap(GenericWrappers.java:584)
	at org.pickyourtrial.utils.Reporter.reportStep(Reporter.java:40)
	at org.pickyourtrial.wrappers.GenericWrappers.takeSnap(GenericWrappers.java:584)
	at org.pickyourtrial.utils.Reporter.reportStep(Reporter.java:40)
	at org.pickyourtrial.wrappers.GenericWrappers.takeSnap(GenericWrappers.java:584)
	at org.pickyourtrial.utils.Reporter.reportStep(Reporter.java:40)
	at org.pickyourtrial.wrappers.GenericWrappers.takeSnap(GenericWrappers.java:584)
	at org.pickyourtrial.utils.Reporter.reportStep(Reporter.java:40)
	at org.pickyourtrial.wrappers.GenericWrappers.takeSnap(GenericWrappers.java:584)
	at org.pickyourtrial.utils.Reporter.reportStep(Reporter.java:40)
	at org.pickyourtrial.wrappers.GenericWrappers.takeSnap(GenericWrappers.java:584)
	at org.pickyourtrial.utils.Reporter.reportStep(Reporter.java:40)
	at org.pickyourtrial.wrappers.GenericWrappers.takeSnap(GenericWrappers.java:584)
	at org.pickyourtrial.utils.Reporter.reportStep(Reporter.java:40)
	at org.pickyourtrial.wrappers.GenericWrappers.takeSnap(GenericWrappers.java:584)
	at org.pickyourtrial.utils.Reporter.reportStep(Reporter.java:40)
	at org.pickyourtrial.wrappers.GenericWrappers.takeSnap(GenericWrappers.java:584)
	at org.pickyourtrial.utils.Reporter.reportStep(Reporter.java:40)
	at org.pickyourtrial.wrappers.GenericWrappers.takeSnap(GenericWrappers.java:584)
	at org.pickyourtrial.utils.Reporter.reportStep(Reporter.java:40)
	at org.pickyourtrial.wrappers.GenericWrappers.takeSnap(GenericWrappers.java:584)
	at org.pickyourtrial.utils.Reporter.reportStep(Reporter.java:40)
	at org.pickyourtrial.wrappers.GenericWrappers.takeSnap(GenericWrappers.java:584)
	at org.pickyourtrial.utils.Reporter.reportStep(Reporter.java:40)
	at org.pickyourtrial.wrappers.GenericWrappers.takeSnap(GenericWrappers.java:584)
	at org.pickyourtrial.utils.Reporter.reportStep(Reporter.java:40)
	at org.pickyourtrial.wrappers.GenericWrappers.takeSnap(GenericWrappers.java:584)
	at org.pickyourtrial.utils.Reporter.reportStep(Reporter.java:40)
	at org.pickyourtrial.wrappers.GenericWrappers.takeSnap(GenericWrappers.java:584)
	at org.pickyourtrial.utils.Reporter.reportStep(Reporter.java:40)
	at org.pickyourtrial.wrappers.GenericWrappers.takeSnap(GenericWrappers.java:584)
	at org.pickyourtrial.utils.Reporter.reportStep(Reporter.java:40)
	at org.pickyourtrial.wrappers.GenericWrappers.takeSnap(GenericWrappers.java:584)
	at org.pickyourtrial.utils.Reporter.reportStep(Reporter.java:40)
	at org.pickyourtrial.wrappers.GenericWrappers.takeSnap(GenericWrappers.java:584)
	at org.pickyourtrial.utils.Reporter.reportStep(Reporter.java:40)
	at org.pickyourtrial.wrappers.GenericWrappers.takeSnap(GenericWrappers.java:584)
	at org.pickyourtrial.utils.Reporter.reportStep(Reporter.java:40)
	at org.pickyourtrial.wrappers.GenericWrappers.takeSnap(GenericWrappers.java:584)
	at org.pickyourtrial.utils.Reporter.reportStep(Reporter.java:40)
	at org.pickyourtrial.wrappers.GenericWrappers.takeSnap(GenericWrappers.java:584)
	at org.pickyourtrial.utils.Reporter.reportStep(Reporter.java:40)
	at org.pickyourtrial.wrappers.GenericWrappers.takeSnap(GenericWrappers.java:584)
	at org.pickyourtrial.utils.Reporter.reportStep(Reporter.java:40)
	at org.pickyourtrial.wrappers.GenericWrappers.takeSnap(GenericWrappers.java:584)
	at org.pickyourtrial.utils.Reporter.reportStep(Reporter.java:40)
	at org.pickyourtrial.wrappers.GenericWrappers.takeSnap(GenericWrappers.java:584)
	at org.pickyourtrial.utils.Reporter.reportStep(Reporter.java:40)
	at org.pickyourtrial.wrappers.GenericWrappers.takeSnap(GenericWrappers.java:584)
	at org.pickyourtrial.utils.Reporter.reportStep(Reporter.java:40)
	at org.pickyourtrial.wrappers.GenericWrappers.takeSnap(GenericWrappers.java:584)
	at org.pickyourtrial.utils.Reporter.reportStep(Reporter.java:40)
	at org.pickyourtrial.wrappers.GenericWrappers.takeSnap(GenericWrappers.java:584)
	at org.pickyourtrial.utils.Reporter.reportStep(Reporter.java:40)
	at org.pickyourtrial.wrappers.GenericWrappers.takeSnap(GenericWrappers.java:584)
	at org.pickyourtrial.utils.Reporter.reportStep(Reporter.java:40)
	at org.pickyourtrial.wrappers.GenericWrappers.takeSnap(GenericWrappers.java:584)
	at org.pickyourtrial.utils.Reporter.reportStep(Reporter.java:40)
	at org.pickyourtrial.wrappers.GenericWrappers.takeSnap(GenericWrappers.java:584)
	at org.pickyourtrial.utils.Reporter.reportStep(Reporter.java:40)
	at org.pickyourtrial.wrappers.GenericWrappers.takeSnap(GenericWrappers.java:584)
	at org.pickyourtrial.utils.Reporter.reportStep(Reporter.java:40)
	at org.pickyourtrial.wrappers.GenericWrappers.takeSnap(GenericWrappers.java:584)
	at org.pickyourtrial.utils.Reporter.reportStep(Reporter.java:40)
	at org.pickyourtrial.wrappers.GenericWrappers.takeSnap(GenericWrappers.java:584)
	at org.pickyourtrial.utils.Reporter.reportStep(Reporter.java:40)
	at org.pickyourtrial.wrappers.GenericWrappers.takeSnap(GenericWrappers.java:584)
	at org.pickyourtrial.utils.Reporter.reportStep(Reporter.java:40)
	at org.pickyourtrial.wrappers.GenericWrappers.takeSnap(GenericWrappers.java:584)
	at org.pickyourtrial.utils.Reporter.reportStep(Reporter.java:40)
	at org.pickyourtrial.wrappers.GenericWrappers.takeSnap(GenericWrappers.java:584)
	at org.pickyourtrial.utils.Reporter.reportStep(Reporter.java:40)
	at org.pickyourtrial.wrappers.GenericWrappers.takeSnap(GenericWrappers.java:584)
	at org.pickyourtrial.utils.Reporter.reportStep(Reporter.java:40)
	at org.pickyourtrial.wrappers.GenericWrappers.takeSnap(GenericWrappers.java:584)
	at org.pickyourtrial.utils.Reporter.reportStep(Reporter.java:40)
	at org.pickyourtrial.wrappers.GenericWrappers.takeSnap(GenericWrappers.java:584)
	at org.pickyourtrial.utils.Reporter.reportStep(Reporter.java:40)
	at org.pickyourtrial.wrappers.GenericWrappers.takeSnap(GenericWrappers.java:584)
	at org.pickyourtrial.utils.Reporter.reportStep(Reporter.java:40)
	at org.pickyourtrial.wrappers.GenericWrappers.takeSnap(GenericWrappers.java:584)
	at org.pickyourtrial.utils.Reporter.reportStep(Reporter.java:40)
	at org.pickyourtrial.wrappers.GenericWrappers.takeSnap(GenericWrappers.java:584)
	at org.pickyourtrial.utils.Reporter.reportStep(Reporter.java:40)
	at org.pickyourtrial.wrappers.GenericWrappers.takeSnap(GenericWrappers.java:584)
	at org.pickyourtrial.utils.Reporter.reportStep(Reporter.java:40)
	at org.pickyourtrial.wrappers.GenericWrappers.takeSnap(GenericWrappers.java:584)
	at org.pickyourtrial.utils.Reporter.reportStep(Reporter.java:40)
	at org.pickyourtrial.wrappers.GenericWrappers.takeSnap(GenericWrappers.java:584)
	at org.pickyourtrial.utils.Reporter.reportStep(Reporter.java:40)
	at org.pickyourtrial.wrappers.GenericWrappers.takeSnap(GenericWrappers.java:584)
	at org.pickyourtrial.utils.Reporter.reportStep(Reporter.java:40)
	at org.pickyourtrial.wrappers.GenericWrappers.takeSnap(GenericWrappers.java:584)
	at org.pickyourtrial.utils.Reporter.reportStep(Reporter.java:40)
	at org.pickyourtrial.wrappers.GenericWrappers.takeSnap(GenericWrappers.java:584)
	at org.pickyourtrial.utils.Reporter.reportStep(Reporter.java:40)
	at org.pickyourtrial.wrappers.GenericWrappers.takeSnap(GenericWrappers.java:584)
	at org.pickyourtrial.utils.Reporter.reportStep(Reporter.java:40)
	at org.pickyourtrial.wrappers.GenericWrappers.takeSnap(GenericWrappers.java:584)
	at org.pickyourtrial.utils.Reporter.reportStep(Reporter.java:40)
	at org.pickyourtrial.wrappers.GenericWrappers.takeSnap(GenericWrappers.java:584)
	at org.pickyourtrial.utils.Reporter.reportStep(Reporter.java:40)
	at org.pickyourtrial.wrappers.GenericWrappers.takeSnap(GenericWrappers.java:584)
	at org.pickyourtrial.utils.Reporter.reportStep(Reporter.java:40)
	at org.pickyourtrial.wrappers.GenericWrappers.takeSnap(GenericWrappers.java:584)
	at org.pickyourtrial.utils.Reporter.reportStep(Reporter.java:40)
	at org.pickyourtrial.wrappers.GenericWrappers.takeSnap(GenericWrappers.java:584)
	at org.pickyourtrial.utils.Reporter.reportStep(Reporter.java:40)
	at org.pickyourtrial.wrappers.GenericWrappers.takeSnap(GenericWrappers.java:584)
	at org.pickyourtrial.utils.Reporter.reportStep(Reporter.java:40)
	at org.pickyourtrial.wrappers.GenericWrappers.takeSnap(GenericWrappers.java:584)
	at org.pickyourtrial.utils.Reporter.reportStep(Reporter.java:40)
	at org.pickyourtrial.wrappers.GenericWrappers.takeSnap(GenericWrappers.java:584)
	at org.pickyourtrial.utils.Reporter.reportStep(Reporter.java:40)
	at org.pickyourtrial.wrappers.GenericWrappers.takeSnap(GenericWrappers.java:584)
	at org.pickyourtrial.utils.Reporter.reportStep(Reporter.java:40)
	at org.pickyourtrial.wrappers.GenericWrappers.takeSnap(GenericWrappers.java:584)
	at org.pickyourtrial.utils.Reporter.reportStep(Reporter.java:40)
	at org.pickyourtrial.wrappers.GenericWrappers.takeSnap(GenericWrappers.java:584)
	at org.pickyourtrial.utils.Reporter.reportStep(Reporter.java:40)
	at org.pickyourtrial.wrappers.GenericWrappers.takeSnap(GenericWrappers.java:584)
	at org.pickyourtrial.utils.Reporter.reportStep(Reporter.java:40)
	at org.pickyourtrial.wrappers.GenericWrappers.takeSnap(GenericWrappers.java:584)
	at org.pickyourtrial.utils.Reporter.reportStep(Reporter.java:40)
	at org.pickyourtrial.wrappers.GenericWrappers.takeSnap(GenericWrappers.java:584)
	at org.pickyourtrial.utils.Reporter.reportStep(Reporter.java:40)
	at org.pickyourtrial.wrappers.GenericWrappers.takeSnap(GenericWrappers.java:584)
	at org.pickyourtrial.utils.Reporter.reportStep(Reporter.java:40)
	at org.pickyourtrial.wrappers.GenericWrappers.takeSnap(GenericWrappers.java:584)
	at org.pickyourtrial.utils.Reporter.reportStep(Reporter.java:40)
	at org.pickyourtrial.wrappers.GenericWrappers.takeSnap(GenericWrappers.java:584)
	at org.pickyourtrial.utils.Reporter.reportStep(Reporter.java:40)
	at org.pickyourtrial.wrappers.GenericWrappers.takeSnap(GenericWrappers.java:584)
	at org.pickyourtrial.utils.Reporter.reportStep(Reporter.java:40)
	at org.pickyourtrial.wrappers.GenericWrappers.takeSnap(GenericWrappers.java:584)
	at org.pickyourtrial.utils.Reporter.reportStep(Reporter.java:40)
	at org.pickyourtrial.wrappers.GenericWrappers.takeSnap(GenericWrappers.java:584)
	at org.pickyourtrial.utils.Reporter.reportStep(Reporter.java:40)
	at org.pickyourtrial.wrappers.GenericWrappers.takeSnap(GenericWrappers.java:584)
	at org.pickyourtrial.utils.Reporter.reportStep(Reporter.java:40)
	at org.pickyourtrial.wrappers.GenericWrappers.takeSnap(GenericWrappers.java:584)
	at org.pickyourtrial.utils.Reporter.reportStep(Reporter.java:40)
	at org.pickyourtrial.wrappers.GenericWrappers.takeSnap(GenericWrappers.java:584)
	at org.pickyourtrial.utils.Reporter.reportStep(Reporter.java:40)
	at org.pickyourtrial.wrappers.GenericWrappers.takeSnap(GenericWrappers.java:584)
	at org.pickyourtrial.utils.Reporter.reportStep(Reporter.java:40)
	at org.pickyourtrial.wrappers.GenericWrappers.takeSnap(GenericWrappers.java:584)
	at org.pickyourtrial.utils.Reporter.reportStep(Reporter.java:40)
	at org.pickyourtrial.wrappers.GenericWrappers.takeSnap(GenericWrappers.java:584)
	at org.pickyourtrial.utils.Reporter.reportStep(Reporter.java:40)
	at org.pickyourtrial.wrappers.GenericWrappers.takeSnap(GenericWrappers.java:584)
	at org.pickyourtrial.utils.Reporter.reportStep(Reporter.java:40)
	at org.pickyourtrial.wrappers.GenericWrappers.takeSnap(GenericWrappers.java:584)
	at org.pickyourtrial.utils.Reporter.reportStep(Reporter.java:40)
	at org.pickyourtrial.wrappers.GenericWrappers.takeSnap(GenericWrappers.java:584)
	at org.pickyourtrial.utils.Reporter.reportStep(Reporter.java:40)
	at org.pickyourtrial.wrappers.GenericWrappers.takeSnap(GenericWrappers.java:584)
	at org.pickyourtrial.utils.Reporter.reportStep(Reporter.java:40)
	at org.pickyourtrial.wrappers.GenericWrappers.takeSnap(GenericWrappers.java:584)
	at org.pickyourtrial.utils.Reporter.reportStep(Reporter.java:40)
	at org.pickyourtrial.wrappers.GenericWrappers.takeSnap(GenericWrappers.java:584)
	at org.pickyourtrial.utils.Reporter.reportStep(Reporter.java:40)
	at org.pickyourtrial.wrappers.GenericWrappers.takeSnap(GenericWrappers.java:584)
	at org.pickyourtrial.utils.Reporter.reportStep(Reporter.java:40)
	at org.pickyourtrial.wrappers.GenericWrappers.takeSnap(GenericWrappers.java:584)
	at org.pickyourtrial.utils.Reporter.reportStep(Reporter.java:40)
	at org.pickyourtrial.wrappers.GenericWrappers.takeSnap(GenericWrappers.java:584)
	at org.pickyourtrial.utils.Reporter.reportStep(Reporter.java:40)
	at org.pickyourtrial.wrappers.GenericWrappers.takeSnap(GenericWrappers.java:584)
	at org.pickyourtrial.utils.Reporter.reportStep(Reporter.java:40)
	at org.pickyourtrial.wrappers.GenericWrappers.takeSnap(GenericWrappers.java:584)
	at org.pickyourtrial.utils.Reporter.reportStep(Reporter.java:40)
	at org.pickyourtrial.wrappers.GenericWrappers.takeSnap(GenericWrappers.java:584)
	at org.pickyourtrial.utils.Reporter.reportStep(Reporter.java:40)
	at org.pickyourtrial.wrappers.GenericWrappers.takeSnap(GenericWrappers.java:584)
	at org.pickyourtrial.utils.Reporter.reportStep(Reporter.java:40)
	at org.pickyourtrial.wrappers.GenericWrappers.takeSnap(GenericWrappers.java:584)
	at org.pickyourtrial.utils.Reporter.reportStep(Reporter.java:40)
	at org.pickyourtrial.wrappers.GenericWrappers.takeSnap(GenericWrappers.java:584)
	at org.pickyourtrial.utils.Reporter.reportStep(Reporter.java:40)
	at org.pickyourtrial.wrappers.GenericWrappers.takeSnap(GenericWrappers.java:584)
	at org.pickyourtrial.utils.Reporter.reportStep(Reporter.java:40)
	at org.pickyourtrial.wrappers.GenericWrappers.takeSnap(GenericWrappers.java:584)
	at org.pickyourtrial.utils.Reporter.reportStep(Reporter.java:40)
	at org.pickyourtrial.wrappers.GenericWrappers.takeSnap(GenericWrappers.java:584)
	at org.pickyourtrial.utils.Reporter.reportStep(Reporter.java:40)
	at org.pickyourtrial.wrappers.GenericWrappers.takeSnap(GenericWrappers.java:584)
	at org.pickyourtrial.utils.Reporter.reportStep(Reporter.java:40)
	at org.pickyourtrial.wrappers.GenericWrappers.takeSnap(GenericWrappers.java:584)
	at org.pickyourtrial.utils.Reporter.reportStep(Reporter.java:40)
	at org.pickyourtrial.wrappers.GenericWrappers.takeSnap(GenericWrappers.java:584)
	at org.pickyourtrial.utils.Reporter.reportStep(Reporter.java:40)
	at org.pickyourtrial.wrappers.GenericWrappers.takeSnap(GenericWrappers.java:584)
	at org.pickyourtrial.utils.Reporter.reportStep(Reporter.java:40)
	at org.pickyourtrial.wrappers.GenericWrappers.takeSnap(GenericWrappers.java:584)
	at org.pickyourtrial.utils.Reporter.reportStep(Reporter.java:40)
	at org.pickyourtrial.wrappers.GenericWrappers.takeSnap(GenericWrappers.java:584)
	at org.pickyourtrial.utils.Reporter.reportStep(Reporter.java:40)
	at org.pickyourtrial.wrappers.GenericWrappers.takeSnap(GenericWrappers.java:584)
	at org.pickyourtrial.utils.Reporter.reportStep(Reporter.java:40)
	at org.pickyourtrial.wrappers.GenericWrappers.takeSnap(GenericWrappers.java:584)
	at org.pickyourtrial.utils.Reporter.reportStep(Reporter.java:40)
	at org.pickyourtrial.wrappers.GenericWrappers.takeSnap(GenericWrappers.java:584)
	at org.pickyourtrial.utils.Reporter.reportStep(Reporter.java:40)
	at org.pickyourtrial.wrappers.GenericWrappers.takeSnap(GenericWrappers.java:584)
	at org.pickyourtrial.utils.Reporter.reportStep(Reporter.java:40)
	at org.pickyourtrial.wrappers.GenericWrappers.takeSnap(GenericWrappers.java:584)
	at org.pickyourtrial.utils.Reporter.reportStep(Reporter.java:40)
	at org.pickyourtrial.wrappers.GenericWrappers.takeSnap(GenericWrappers.java:584)
	at org.pickyourtrial.utils.Reporter.reportStep(Reporter.java:40)
	at org.pickyourtrial.wrappers.GenericWrappers.takeSnap(GenericWrappers.java:584)
	at org.pickyourtrial.utils.Reporter.reportStep(Reporter.java:40)
	at org.pickyourtrial.wrappers.GenericWrappers.takeSnap(GenericWrappers.java:584)
	at org.pickyourtrial.utils.Reporter.reportStep(Reporter.java:40)
	at org.pickyourtrial.wrappers.GenericWrappers.takeSnap(GenericWrappers.java:584)
	at org.pickyourtrial.utils.Reporter.reportStep(Reporter.java:40)
	at org.pickyourtrial.wrappers.GenericWrappers.takeSnap(GenericWrappers.java:584)
	at org.pickyourtrial.utils.Reporter.reportStep(Reporter.java:40)
	at org.pickyourtrial.wrappers.GenericWrappers.takeSnap(GenericWrappers.java:584)
	at org.pickyourtrial.utils.Reporter.reportStep(Reporter.java:40)
	at org.pickyourtrial.wrappers.GenericWrappers.takeSnap(GenericWrappers.java:584)
	at org.pickyourtrial.utils.Reporter.reportStep(Reporter.java:40)
	at org.pickyourtrial.wrappers.GenericWrappers.takeSnap(GenericWrappers.java:584)
	at org.pickyourtrial.utils.Reporter.reportStep(Reporter.java:40)
	at org.pickyourtrial.wrappers.GenericWrappers.takeSnap(GenericWrappers.java:584)
	at org.pickyourtrial.utils.Reporter.reportStep(Reporter.java:40)
	at org.pickyourtrial.wrappers.GenericWrappers.takeSnap(GenericWrappers.java:584)
	at org.pickyourtrial.utils.Reporter.reportStep(Reporter.java:40)
	at org.pickyourtrial.wrappers.GenericWrappers.takeSnap(GenericWrappers.java:584)
	at org.pickyourtrial.utils.Reporter.reportStep(Reporter.java:40)
	at org.pickyourtrial.wrappers.GenericWrappers.takeSnap(GenericWrappers.java:584)
	at org.pickyourtrial.utils.Reporter.reportStep(Reporter.java:40)
	at org.pickyourtrial.wrappers.GenericWrappers.takeSnap(GenericWrappers.java:584)
	at org.pickyourtrial.utils.Reporter.reportStep(Reporter.java:40)
	at org.pickyourtrial.wrappers.GenericWrappers.takeSnap(GenericWrappers.java:584)
	at org.pickyourtrial.utils.Reporter.reportStep(Reporter.java:40)
	at org.pickyourtrial.wrappers.GenericWrappers.takeSnap(GenericWrappers.java:584)
	at org.pickyourtrial.utils.Reporter.reportStep(Reporter.java:40)
	at org.pickyourtrial.wrappers.GenericWrappers.takeSnap(GenericWrappers.java:584)
	at org.pickyourtrial.utils.Reporter.reportStep(Reporter.java:40)
	at org.pickyourtrial.wrappers.GenericWrappers.takeSnap(GenericWrappers.java:584)
	at org.pickyourtrial.utils.Reporter.reportStep(Reporter.java:40)
	at org.pickyourtrial.wrappers.GenericWrappers.takeSnap(GenericWrappers.java:584)
	at org.pickyourtrial.utils.Reporter.reportStep(Reporter.java:40)
	at org.pickyourtrial.wrappers.GenericWrappers.takeSnap(GenericWrappers.java:584)
	at org.pickyourtrial.utils.Reporter.reportStep(Reporter.java:40)
	at org.pickyourtrial.wrappers.GenericWrappers.takeSnap(GenericWrappers.java:584)
	at org.pickyourtrial.utils.Reporter.reportStep(Reporter.java:40)
	at org.pickyourtrial.wrappers.GenericWrappers.takeSnap(GenericWrappers.java:584)
	at org.pickyourtrial.utils.Reporter.reportStep(Reporter.java:40)
	at org.pickyourtrial.wrappers.GenericWrappers.takeSnap(GenericWrappers.java:584)
	at org.pickyourtrial.utils.Reporter.reportStep(Reporter.java:40)
	at org.pickyourtrial.wrappers.GenericWrappers.takeSnap(GenericWrappers.java:584)
	at org.pickyourtrial.utils.Reporter.reportStep(Reporter.java:40)
	at org.pickyourtrial.wrappers.GenericWrappers.takeSnap(GenericWrappers.java:584)
	at org.pickyourtrial.utils.Reporter.reportStep(Reporter.java:40)
	at org.pickyourtrial.wrappers.GenericWrappers.takeSnap(GenericWrappers.java:584)
	at org.pickyourtrial.utils.Reporter.reportStep(Reporter.java:40)
	at org.pickyourtrial.wrappers.GenericWrappers.takeSnap(GenericWrappers.java:584)
	at org.pickyourtrial.utils.Reporter.reportStep(Reporter.java:40)
	at org.pickyourtrial.wrappers.GenericWrappers.takeSnap(GenericWrappers.java:584)
	at org.pickyourtrial.utils.Reporter.reportStep(Reporter.java:40)
	at org.pickyourtrial.wrappers.GenericWrappers.takeSnap(GenericWrappers.java:584)
	at org.pickyourtrial.utils.Reporter.reportStep(Reporter.java:40)
	at org.pickyourtrial.wrappers.GenericWrappers.takeSnap(GenericWrappers.java:584)
	at org.pickyourtrial.utils.Reporter.reportStep(Reporter.java:40)
	at org.pickyourtrial.wrappers.GenericWrappers.takeSnap(GenericWrappers.java:584)
	at org.pickyourtrial.utils.Reporter.reportStep(Reporter.java:40)
	at org.pickyourtrial.wrappers.GenericWrappers.takeSnap(GenericWrappers.java:584)
	at org.pickyourtrial.utils.Reporter.reportStep(Reporter.java:40)
	at org.pickyourtrial.wrappers.GenericWrappers.takeSnap(GenericWrappers.java:584)
	at org.pickyourtrial.utils.Reporter.reportStep(Reporter.java:40)
	at org.pickyourtrial.wrappers.GenericWrappers.takeSnap(GenericWrappers.java:584)
	at org.pickyourtrial.utils.Reporter.reportStep(Reporter.java:40)
	at org.pickyourtrial.wrappers.GenericWrappers.takeSnap(GenericWrappers.java:584)
	at org.pickyourtrial.utils.Reporter.reportStep(Reporter.java:40)
	at org.pickyourtrial.wrappers.GenericWrappers.takeSnap(GenericWrappers.java:584)
	at org.pickyourtrial.utils.Reporter.reportStep(Reporter.java:40)
	at org.pickyourtrial.wrappers.GenericWrappers.takeSnap(GenericWrappers.java:584)
	at org.pickyourtrial.utils.Reporter.reportStep(Reporter.java:40)
	at org.pickyourtrial.wrappers.GenericWrappers.takeSnap(GenericWrappers.java:584)
	at org.pickyourtrial.utils.Reporter.reportStep(Reporter.java:40)
	at org.pickyourtrial.wrappers.GenericWrappers.takeSnap(GenericWrappers.java:584)
	at org.pickyourtrial.utils.Reporter.reportStep(Reporter.java:40)
	at org.pickyourtrial.wrappers.GenericWrappers.takeSnap(GenericWrappers.java:584)
	at org.pickyourtrial.utils.Reporter.reportStep(Reporter.java:40)
	at org.pickyourtrial.wrappers.GenericWrappers.takeSnap(GenericWrappers.java:584)
	at org.pickyourtrial.utils.Reporter.reportStep(Reporter.java:40)
	at org.pickyourtrial.wrappers.GenericWrappers.takeSnap(GenericWrappers.java:584)
	at org.pickyourtrial.utils.Reporter.reportStep(Reporter.java:40)
	at org.pickyourtrial.wrappers.GenericWrappers.takeSnap(GenericWrappers.java:584)
	at org.pickyourtrial.utils.Reporter.reportStep(Reporter.java:40)
	at org.pickyourtrial.wrappers.GenericWrappers.takeSnap(GenericWrappers.java:584)
	at org.pickyourtrial.utils.Reporter.reportStep(Reporter.java:40)
	at org.pickyourtrial.wrappers.GenericWrappers.takeSnap(GenericWrappers.java:584)
	at org.pickyourtrial.utils.Reporter.reportStep(Reporter.java:40)
	at org.pickyourtrial.wrappers.GenericWrappers.takeSnap(GenericWrappers.java:584)
	at org.pickyourtrial.utils.Reporter.reportStep(Reporter.java:40)
	at org.pickyourtrial.wrappers.GenericWrappers.takeSnap(GenericWrappers.java:584)
	at org.pickyourtrial.utils.Reporter.reportStep(Reporter.java:40)
	at org.pickyourtrial.wrappers.GenericWrappers.takeSnap(GenericWrappers.java:584)
	at org.pickyourtrial.utils.Reporter.reportStep(Reporter.java:40)
	at org.pickyourtrial.wrappers.GenericWrappers.takeSnap(GenericWrappers.java:584)
	at org.pickyourtrial.utils.Reporter.reportStep(Reporter.java:40)
	at org.pickyourtrial.wrappers.GenericWrappers.takeSnap(GenericWrappers.java:584)
	at org.pickyourtrial.utils.Reporter.reportStep(Reporter.java:40)
	at org.pickyourtrial.wrappers.GenericWrappers.takeSnap(GenericWrappers.java:584)
	at org.pickyourtrial.utils.Reporter.reportStep(Reporter.java:40)
	at org.pickyourtrial.wrappers.GenericWrappers.takeSnap(GenericWrappers.java:584)
	at org.pickyourtrial.utils.Reporter.reportStep(Reporter.java:40)
	at org.pickyourtrial.wrappers.GenericWrappers.takeSnap(GenericWrappers.java:584)
	at org.pickyourtrial.utils.Reporter.reportStep(Reporter.java:40)
	at org.pickyourtrial.wrappers.GenericWrappers.takeSnap(GenericWrappers.java:584)
	at org.pickyourtrial.utils.Reporter.reportStep(Reporter.java:40)
	at org.pickyourtrial.wrappers.GenericWrappers.takeSnap(GenericWrappers.java:584)
	at org.pickyourtrial.utils.Reporter.reportStep(Reporter.java:40)
	at org.pickyourtrial.wrappers.GenericWrappers.takeSnap(GenericWrappers.java:584)
	at org.pickyourtrial.utils.Reporter.reportStep(Reporter.java:40)
	at org.pickyourtrial.wrappers.GenericWrappers.takeSnap(GenericWrappers.java:584)
	at org.pickyourtrial.utils.Reporter.reportStep(Reporter.java:40)
	at org.pickyourtrial.wrappers.GenericWrappers.takeSnap(GenericWrappers.java:584)
	at org.pickyourtrial.utils.Reporter.reportStep(Reporter.java:40)
	at org.pickyourtrial.wrappers.GenericWrappers.takeSnap(GenericWrappers.java:584)
	at org.pickyourtrial.utils.Reporter.reportStep(Reporter.java:40)
	at org.pickyourtrial.wrappers.GenericWrappers.takeSnap(GenericWrappers.java:584)
	at org.pickyourtrial.utils.Reporter.reportStep(Reporter.java:40)
	at org.pickyourtrial.wrappers.GenericWrappers.takeSnap(GenericWrappers.java:584)
	at org.pickyourtrial.utils.Reporter.reportStep(Reporter.java:40)
	at org.pickyourtrial.wrappers.GenericWrappers.takeSnap(GenericWrappers.java:584)
	at org.pickyourtrial.utils.Reporter.reportStep(Reporter.java:40)
	at org.pickyourtrial.wrappers.GenericWrappers.takeSnap(GenericWrappers.java:584)
	at org.pickyourtrial.utils.Reporter.reportStep(Reporter.java:40)
	at org.pickyourtrial.wrappers.GenericWrappers.takeSnap(GenericWrappers.java:584)
	at org.pickyourtrial.utils.Reporter.reportStep(Reporter.java:40)
	at org.pickyourtrial.wrappers.GenericWrappers.takeSnap(GenericWrappers.java:584)
	at org.pickyourtrial.utils.Reporter.reportStep(Reporter.java:40)
	at org.pickyourtrial.wrappers.GenericWrappers.takeSnap(GenericWrappers.java:584)
	at org.pickyourtrial.utils.Reporter.reportStep(Reporter.java:40)
	at org.pickyourtrial.wrappers.GenericWrappers.takeSnap(GenericWrappers.java:584)
	at org.pickyourtrial.utils.Reporter.reportStep(Reporter.java:40)
	at org.pickyourtrial.wrappers.GenericWrappers.takeSnap(GenericWrappers.java:584)
	at org.pickyourtrial.utils.Reporter.reportStep(Reporter.java:40)
	at org.pickyourtrial.wrappers.GenericWrappers.takeSnap(GenericWrappers.java:584)
	at org.pickyourtrial.utils.Reporter.reportStep(Reporter.java:40)
	at org.pickyourtrial.wrappers.GenericWrappers.takeSnap(GenericWrappers.java:584)
	at org.pickyourtrial.utils.Reporter.reportStep(Reporter.java:40)
	at org.pickyourtrial.wrappers.GenericWrappers.takeSnap(GenericWrappers.java:584)
	at org.pickyourtrial.utils.Reporter.reportStep(Reporter.java:40)
	at org.pickyourtrial.wrappers.GenericWrappers.takeSnap(GenericWrappers.java:584)
	at org.pickyourtrial.utils.Reporter.reportStep(Reporter.java:40)
	at org.pickyourtrial.wrappers.GenericWrappers.takeSnap(GenericWrappers.java:584)
	at org.pickyourtrial.utils.Reporter.reportStep(Reporter.java:40)
	at org.pickyourtrial.wrappers.GenericWrappers.takeSnap(GenericWrappers.java:584)
	at org.pickyourtrial.utils.Reporter.reportStep(Reporter.java:40)
	at org.pickyourtrial.wrappers.GenericWrappers.takeSnap(GenericWrappers.java:584)
	at org.pickyourtrial.utils.Reporter.reportStep(Reporter.java:40)
	at org.pickyourtrial.wrappers.GenericWrappers.takeSnap(GenericWrappers.java:584)
	at org.pickyourtrial.utils.Reporter.reportStep(Reporter.java:40)
	at org.pickyourtrial.wrappers.GenericWrappers.takeSnap(GenericWrappers.java:584)
	at org.pickyourtrial.utils.Reporter.reportStep(Reporter.java:40)
	at org.pickyourtrial.wrappers.GenericWrappers.takeSnap(GenericWrappers.java:584)
	at org.pickyourtrial.utils.Reporter.reportStep(Reporter.java:40)
	at org.pickyourtrial.wrappers.GenericWrappers.takeSnap(GenericWrappers.java:584)
	at org.pickyourtrial.utils.Reporter.reportStep(Reporter.java:40)
	at org.pickyourtrial.wrappers.GenericWrappers.takeSnap(GenericWrappers.java:584)
	at org.pickyourtrial.utils.Reporter.reportStep(Reporter.java:40)
	at org.pickyourtrial.wrappers.GenericWrappers.takeSnap(GenericWrappers.java:584)
	at org.pickyourtrial.utils.Reporter.reportStep(Reporter.java:40)
	at org.pickyourtrial.wrappers.GenericWrappers.takeSnap(GenericWrappers.java:584)
	at org.pickyourtrial.utils.Reporter.reportStep(Reporter.java:40)
	at org.pickyourtrial.wrappers.GenericWrappers.takeSnap(GenericWrappers.java:584)
	at org.pickyourtrial.utils.Reporter.reportStep(Reporter.java:40)
	at org.pickyourtrial.wrappers.GenericWrappers.takeSnap(GenericWrappers.java:584)
	at org.pickyourtrial.utils.Reporter.reportStep(Reporter.java:40)
	at org.pickyourtrial.wrappers.GenericWrappers.takeSnap(GenericWrappers.java:584)
	at org.pickyourtrial.utils.Reporter.reportStep(Reporter.java:40)
	at org.pickyourtrial.wrappers.GenericWrappers.takeSnap(GenericWrappers.java:584)
	at org.pickyourtrial.utils.Reporter.reportStep(Reporter.java:40)
	at org.pickyourtrial.wrappers.GenericWrappers.takeSnap(GenericWrappers.java:584)
	at org.pickyourtrial.utils.Reporter.reportStep(Reporter.java:40)
	at org.pickyourtrial.wrappers.GenericWrappers.takeSnap(GenericWrappers.java:584)
	at org.pickyourtrial.utils.Reporter.reportStep(Reporter.java:40)
	at org.pickyourtrial.wrappers.GenericWrappers.takeSnap(GenericWrappers.java:584)
	at org.pickyourtrial.utils.Reporter.reportStep(Reporter.java:40)
	at org.pickyourtrial.wrappers.GenericWrappers.takeSnap(GenericWrappers.java:584)
	at org.pickyourtrial.utils.Reporter.reportStep(Reporter.java:40)
	at org.pickyourtrial.wrappers.GenericWrappers.takeSnap(GenericWrappers.java:584)
	at org.pickyourtrial.utils.Reporter.reportStep(Reporter.java:40)
	at org.pickyourtrial.wrappers.GenericWrappers.takeSnap(GenericWrappers.java:584)
	at org.pickyourtrial.utils.Reporter.reportStep(Reporter.java:40)
	at org.pickyourtrial.wrappers.GenericWrappers.takeSnap(GenericWrappers.java:584)
	at org.pickyourtrial.utils.Reporter.reportStep(Reporter.java:40)
	at org.pickyourtrial.wrappers.GenericWrappers.takeSnap(GenericWrappers.java:584)
	at org.pickyourtrial.utils.Reporter.reportStep(Reporter.java:40)
	at org.pickyourtrial.wrappers.GenericWrappers.takeSnap(GenericWrappers.java:584)
	at org.pickyourtrial.utils.Reporter.reportStep(Reporter.java:40)
	at org.pickyourtrial.wrappers.GenericWrappers.takeSnap(GenericWrappers.java:584)
	at org.pickyourtrial.utils.Reporter.reportStep(Reporter.java:40)
	at org.pickyourtrial.wrappers.GenericWrappers.takeSnap(GenericWrappers.java:584)
	at org.pickyourtrial.utils.Reporter.reportStep(Reporter.java:40)
	at org.pickyourtrial.wrappers.GenericWrappers.takeSnap(GenericWrappers.java:584)
	at org.pickyourtrial.utils.Reporter.reportStep(Reporter.java:40)
	at org.pickyourtrial.wrappers.GenericWrappers.takeSnap(GenericWrappers.java:584)
	at org.pickyourtrial.utils.Reporter.reportStep(Reporter.java:40)
	at org.pickyourtrial.wrappers.GenericWrappers.takeSnap(GenericWrappers.java:584)
	at org.pickyourtrial.utils.Reporter.reportStep(Reporter.java:40)
	at org.pickyourtrial.wrappers.GenericWrappers.takeSnap(GenericWrappers.java:584)
	at org.pickyourtrial.utils.Reporter.reportStep(Reporter.java:40)
	at org.pickyourtrial.wrappers.GenericWrappers.takeSnap(GenericWrappers.java:584)
	at org.pickyourtrial.utils.Reporter.reportStep(Reporter.java:40)
	at org.pickyourtrial.wrappers.GenericWrappers.takeSnap(GenericWrappers.java:584)
	at org.pickyourtrial.utils.Reporter.reportStep(Reporter.java:40)
	at org.pickyourtrial.wrappers.GenericWrappers.takeSnap(GenericWrappers.java:584)
	at org.pickyourtrial.utils.Reporter.reportStep(Reporter.java:40)
	at org.pickyourtrial.wrappers.GenericWrappers.takeSnap(GenericWrappers.java:584)
	at org.pickyourtrial.utils.Reporter.reportStep(Reporter.java:40)
	at org.pickyourtrial.wrappers.GenericWrappers.takeSnap(GenericWrappers.java:584)
	at org.pickyourtrial.utils.Reporter.reportStep(Reporter.java:40)
	at org.pickyourtrial.wrappers.GenericWrappers.takeSnap(GenericWrappers.java:584)
	at org.pickyourtrial.utils.Reporter.reportStep(Reporter.java:40)
	at org.pickyourtrial.wrappers.GenericWrappers.takeSnap(GenericWrappers.java:584)
	at org.pickyourtrial.utils.Reporter.reportStep(Reporter.java:40)
	at org.pickyourtrial.wrappers.GenericWrappers.takeSnap(GenericWrappers.java:584)
	at org.pickyourtrial.utils.Reporter.reportStep(Reporter.java:40)
	at org.pickyourtrial.wrappers.GenericWrappers.takeSnap(GenericWrappers.java:584)
	at org.pickyourtrial.utils.Reporter.reportStep(Reporter.java:40)
	at org.pickyourtrial.wrappers.GenericWrappers.takeSnap(GenericWrappers.java:584)
	at org.pickyourtrial.utils.Reporter.reportStep(Reporter.java:40)
	at org.pickyourtrial.wrappers.GenericWrappers.takeSnap(GenericWrappers.java:584)
	at org.pickyourtrial.utils.Reporter.reportStep(Reporter.java:40)
	at org.pickyourtrial.wrappers.GenericWrappers.takeSnap(GenericWrappers.java:584)
	at org.pickyourtrial.utils.Reporter.reportStep(Reporter.java:40)
	at org.pickyourtrial.wrappers.GenericWrappers.takeSnap(GenericWrappers.java:584)
	at org.pickyourtrial.utils.Reporter.reportStep(Reporter.java:40)
	at org.pickyourtrial.wrappers.GenericWrappers.takeSnap(GenericWrappers.java:584)
	at org.pickyourtrial.utils.Reporter.reportStep(Reporter.java:40)
	at org.pickyourtrial.wrappers.GenericWrappers.takeSnap(GenericWrappers.java:584)
	at org.pickyourtrial.utils.Reporter.reportStep(Reporter.java:40)
	at org.pickyourtrial.wrappers.GenericWrappers.takeSnap(GenericWrappers.java:584)
	at org.pickyourtrial.utils.Reporter.reportStep(Reporter.java:40)
	at org.pickyourtrial.wrappers.GenericWrappers.takeSnap(GenericWrappers.java:584)
	at org.pickyourtrial.utils.Reporter.reportStep(Reporter.java:40)
	at org.pickyourtrial.wrappers.GenericWrappers.takeSnap(GenericWrappers.java:584)
	at org.pickyourtrial.utils.Reporter.reportStep(Reporter.java:40)
	at org.pickyourtrial.wrappers.GenericWrappers.takeSnap(GenericWrappers.java:584)
	at org.pickyourtrial.utils.Reporter.reportStep(Reporter.java:40)
	at org.pickyourtrial.wrappers.GenericWrappers.takeSnap(GenericWrappers.java:584)
	at org.pickyourtrial.utils.Reporter.reportStep(Reporter.java:40)
	at org.pickyourtrial.wrappers.GenericWrappers.takeSnap(GenericWrappers.java:584)
	at org.pickyourtrial.utils.Reporter.reportStep(Reporter.java:40)
	at org.pickyourtrial.wrappers.GenericWrappers.takeSnap(GenericWrappers.java:584)
	at org.pickyourtrial.utils.Reporter.reportStep(Reporter.java:40)
	at org.pickyourtrial.wrappers.GenericWrappers.takeSnap(GenericWrappers.java:584)
	at org.pickyourtrial.utils.Reporter.reportStep(Reporter.java:40)
	at org.pickyourtrial.wrappers.GenericWrappers.takeSnap(GenericWrappers.java:584)
	at org.pickyourtrial.utils.Reporter.reportStep(Reporter.java:40)
	at org.pickyourtrial.wrappers.GenericWrappers.takeSnap(GenericWrappers.java:584)
	at org.pickyourtrial.utils.Reporter.reportStep(Reporter.java:40)
	at org.pickyourtrial.wrappers.GenericWrappers.takeSnap(GenericWrappers.java:584)
	at org.pickyourtrial.utils.Reporter.reportStep(Reporter.java:40)
	at org.pickyourtrial.wrappers.GenericWrappers.takeSnap(GenericWrappers.java:584)
	at org.pickyourtrial.utils.Reporter.reportStep(Reporter.java:40)
	at org.pickyourtrial.wrappers.GenericWrappers.takeSnap(GenericWrappers.java:584)
	at org.pickyourtrial.utils.Reporter.reportStep(Reporter.java:40)
	at org.pickyourtrial.wrappers.GenericWrappers.takeSnap(GenericWrappers.java:584)
	at org.pickyourtrial.utils.Reporter.reportStep(Reporter.java:40)
	at org.pickyourtrial.wrappers.GenericWrappers.takeSnap(GenericWrappers.java:584)
	at org.pickyourtrial.utils.Reporter.reportStep(Reporter.java:40)
	at org.pickyourtrial.wrappers.GenericWrappers.takeSnap(GenericWrappers.java:584)
	at org.pickyourtrial.utils.Reporter.reportStep(Reporter.java:40)
	at org.pickyourtrial.wrappers.GenericWrappers.takeSnap(GenericWrappers.java:584)
	at org.pickyourtrial.utils.Reporter.reportStep(Reporter.java:40)
	at org.pickyourtrial.wrappers.GenericWrappers.takeSnap(GenericWrappers.java:584)
	at org.pickyourtrial.utils.Reporter.reportStep(Reporter.java:40)
	at org.pickyourtrial.wrappers.GenericWrappers.takeSnap(GenericWrappers.java:584)
	at org.pickyourtrial.utils.Reporter.reportStep(Reporter.java:40)
	at org.pickyourtrial.wrappers.GenericWrappers.takeSnap(GenericWrappers.java:584)
	at org.pickyourtrial.utils.Reporter.reportStep(Reporter.java:40)
	at org.pickyourtrial.wrappers.GenericWrappers.takeSnap(GenericWrappers.java:584)
	at org.pickyourtrial.utils.Reporter.reportStep(Reporter.java:40)
	at org.pickyourtrial.wrappers.GenericWrappers.takeSnap(GenericWrappers.java:584)
	at org.pickyourtrial.utils.Reporter.reportStep(Reporter.java:40)
	at org.pickyourtrial.wrappers.GenericWrappers.takeSnap(GenericWrappers.java:584)
	at org.pickyourtrial.utils.Reporter.reportStep(Reporter.java:40)
	at org.pickyourtrial.wrappers.GenericWrappers.takeSnap(GenericWrappers.java:584)
	at org.pickyourtrial.utils.Reporter.reportStep(Reporter.java:40)
	at org.pickyourtrial.wrappers.GenericWrappers.takeSnap(GenericWrappers.java:584)
	at org.pickyourtrial.utils.Reporter.reportStep(Reporter.java:40)
	at org.pickyourtrial.wrappers.GenericWrappers.takeSnap(GenericWrappers.java:584)
	at org.pickyourtrial.utils.Reporter.reportStep(Reporter.java:40)
	at org.pickyourtrial.wrappers.GenericWrappers.takeSnap(GenericWrappers.java:584)
	at org.pickyourtrial.utils.Reporter.reportStep(Reporter.java:40)
	at org.pickyourtrial.wrappers.GenericWrappers.takeSnap(GenericWrappers.java:584)
	at org.pickyourtrial.utils.Reporter.reportStep(Reporter.java:40)
	at org.pickyourtrial.wrappers.GenericWrappers.takeSnap(GenericWrappers.java:584)
	at org.pickyourtrial.utils.Reporter.reportStep(Reporter.java:40)
	at org.pickyourtrial.wrappers.GenericWrappers.takeSnap(GenericWrappers.java:584)
	at org.pickyourtrial.utils.Reporter.reportStep(Reporter.java:40)
	at org.pickyourtrial.wrappers.GenericWrappers.takeSnap(GenericWrappers.java:584)
	at org.pickyourtrial.utils.Reporter.reportStep(Reporter.java:40)
	at org.pickyourtrial.wrappers.GenericWrappers.takeSnap(GenericWrappers.java:584)
	at org.pickyourtrial.utils.Reporter.reportStep(Reporter.java:40)
	at org.pickyourtrial.wrappers.GenericWrappers.takeSnap(GenericWrappers.java:584)
	at org.pickyourtrial.utils.Reporter.reportStep(Reporter.java:40)
	at org.pickyourtrial.wrappers.GenericWrappers.takeSnap(GenericWrappers.java:584)
	at org.pickyourtrial.utils.Reporter.reportStep(Reporter.java:40)
	at org.pickyourtrial.wrappers.GenericWrappers.takeSnap(GenericWrappers.java:584)
	at org.pickyourtrial.utils.Reporter.reportStep(Reporter.java:40)
	at org.pickyourtrial.wrappers.GenericWrappers.takeSnap(GenericWrappers.java:584)
	at org.pickyourtrial.utils.Reporter.reportStep(Reporter.java:40)
	at org.pickyourtrial.wrappers.GenericWrappers.takeSnap(GenericWrappers.java:584)
	at org.pickyourtrial.utils.Reporter.reportStep(Reporter.java:40)
	at org.pickyourtrial.wrappers.GenericWrappers.takeSnap(GenericWrappers.java:584)
	at org.pickyourtrial.utils.Reporter.reportStep(Reporter.java:40)
	at org.pickyourtrial.wrappers.GenericWrappers.takeSnap(GenericWrappers.java:584)
	at org.pickyourtrial.utils.Reporter.reportStep(Reporter.java:40)
	at org.pickyourtrial.wrappers.GenericWrappers.takeSnap(GenericWrappers.java:584)
	at org.pickyourtrial.utils.Reporter.reportStep(Reporter.java:40)
	at org.pickyourtrial.wrappers.GenericWrappers.takeSnap(GenericWrappers.java:584)
	at org.pickyourtrial.utils.Reporter.reportStep(Reporter.java:40)
	at org.pickyourtrial.wrappers.GenericWrappers.takeSnap(GenericWrappers.java:584)
	at org.pickyourtrial.utils.Reporter.reportStep(Reporter.java:40)
	at org.pickyourtrial.wrappers.GenericWrappers.takeSnap(GenericWrappers.java:584)
	at org.pickyourtrial.utils.Reporter.reportStep(Reporter.java:40)
	at org.pickyourtrial.wrappers.GenericWrappers.takeSnap(GenericWrappers.java:584)
	at org.pickyourtrial.utils.Reporter.reportStep(Reporter.java:40)
	at org.pickyourtrial.wrappers.GenericWrappers.takeSnap(GenericWrappers.java:584)
	at org.pickyourtrial.utils.Reporter.reportStep(Reporter.java:40)
	at org.pickyourtrial.wrappers.GenericWrappers.takeSnap(GenericWrappers.java:584)
	at org.pickyourtrial.utils.Reporter.reportStep(Reporter.java:40)
	at org.pickyourtrial.wrappers.GenericWrappers.takeSnap(GenericWrappers.java:584)
	at org.pickyourtrial.utils.Reporter.reportStep(Reporter.java:40)
	at org.pickyourtrial.wrappers.GenericWrappers.takeSnap(GenericWrappers.java:584)
	at org.pickyourtrial.utils.Reporter.reportStep(Reporter.java:40)
	at org.pickyourtrial.wrappers.GenericWrappers.takeSnap(GenericWrappers.java:584)
	at org.pickyourtrial.utils.Reporter.reportStep(Reporter.java:40)
	at org.pickyourtrial.wrappers.GenericWrappers.takeSnap(GenericWrappers.java:584)
	at org.pickyourtrial.utils.Reporter.reportStep(Reporter.java:40)
	at org.pickyourtrial.wrappers.GenericWrappers.takeSnap(GenericWrappers.java:584)
	at org.pickyourtrial.utils.Reporter.reportStep(Reporter.java:40)
	at org.pickyourtrial.wrappers.GenericWrappers.takeSnap(GenericWrappers.java:584)
	at org.pickyourtrial.utils.Reporter.reportStep(Reporter.java:40)
	at org.pickyourtrial.wrappers.GenericWrappers.takeSnap(GenericWrappers.java:584)
	at org.pickyourtrial.utils.Reporter.reportStep(Reporter.java:40)
	at org.pickyourtrial.wrappers.GenericWrappers.takeSnap(GenericWrappers.java:584)
	at org.pickyourtrial.utils.Reporter.reportStep(Reporter.java:40)
	at org.pickyourtrial.wrappers.GenericWrappers.takeSnap(GenericWrappers.java:584)
	at org.pickyourtrial.utils.Reporter.reportStep(Reporter.java:40)
	at org.pickyourtrial.wrappers.GenericWrappers.takeSnap(GenericWrappers.java:584)
	at org.pickyourtrial.utils.Reporter.reportStep(Reporter.java:40)
	at org.pickyourtrial.wrappers.GenericWrappers.takeSnap(GenericWrappers.java:584)
	at org.pickyourtrial.utils.Reporter.reportStep(Reporter.java:40)
	at org.pickyourtrial.wrappers.GenericWrappers.takeSnap(GenericWrappers.java:584)
	at org.pickyourtrial.utils.Reporter.reportStep(Reporter.java:40)
	at org.pickyourtrial.wrappers.GenericWrappers.takeSnap(GenericWrappers.java:584)
	at org.pickyourtrial.utils.Reporter.reportStep(Reporter.java:40)
	at org.pickyourtrial.wrappers.GenericWrappers.takeSnap(GenericWrappers.java:584)
	at org.pickyourtrial.utils.Reporter.reportStep(Reporter.java:40)
	at org.pickyourtrial.wrappers.GenericWrappers.takeSnap(GenericWrappers.java:584)
	at org.pickyourtrial.utils.Reporter.reportStep(Reporter.java:40)
	at org.pickyourtrial.wrappers.GenericWrappers.takeSnap(GenericWrappers.java:584)
	at org.pickyourtrial.utils.Reporter.reportStep(Reporter.java:40)
	at org.pickyourtrial.wrappers.GenericWrappers.takeSnap(GenericWrappers.java:584)
	at org.pickyourtrial.utils.Reporter.reportStep(Reporter.java:40)
	at org.pickyourtrial.wrappers.GenericWrappers.takeSnap(GenericWrappers.java:584)
	at org.pickyourtrial.utils.Reporter.reportStep(Reporter.java:40)
	at org.pickyourtrial.wrappers.GenericWrappers.takeSnap(GenericWrappers.java:584)
	at org.pickyourtrial.utils.Reporter.reportStep(Reporter.java:40)
	at org.pickyourtrial.wrappers.GenericWrappers.takeSnap(GenericWrappers.java:584)
	at org.pickyourtrial.utils.Reporter.reportStep(Reporter.java:40)
	at org.pickyourtrial.wrappers.GenericWrappers.takeSnap(GenericWrappers.java:584)
	at org.pickyourtrial.utils.Reporter.reportStep(Reporter.java:40)
	at org.pickyourtrial.wrappers.GenericWrappers.takeSnap(GenericWrappers.java:584)
	at org.pickyourtrial.utils.Reporter.reportStep(Reporter.java:40)
	at org.pickyourtrial.wrappers.GenericWrappers.takeSnap(GenericWrappers.java:584)
	at org.pickyourtrial.utils.Reporter.reportStep(Reporter.java:40)
	at org.pickyourtrial.wrappers.GenericWrappers.takeSnap(GenericWrappers.java:584)
	at org.pickyourtrial.utils.Reporter.reportStep(Reporter.java:40)
	at org.pickyourtrial.wrappers.GenericWrappers.takeSnap(GenericWrappers.java:584)
	at org.pickyourtrial.utils.Reporter.reportStep(Reporter.java:40)
	at org.pickyourtrial.wrappers.GenericWrappers.takeSnap(GenericWrappers.java:584)
	at org.pickyourtrial.utils.Reporter.reportStep(Reporter.java:40)
	at org.pickyourtrial.wrappers.GenericWrappers.takeSnap(GenericWrappers.java:584)
	at org.pickyourtrial.utils.Reporter.reportStep(Reporter.java:40)
	at org.pickyourtrial.wrappers.GenericWrappers.takeSnap(GenericWrappers.java:584)
	at org.pickyourtrial.utils.Reporter.reportStep(Reporter.java:40)
	at org.pickyourtrial.wrappers.GenericWrappers.takeSnap(GenericWrappers.java:584)
	at org.pickyourtrial.utils.Reporter.reportStep(Reporter.java:40)
	at org.pickyourtrial.wrappers.GenericWrappers.takeSnap(GenericWrappers.java:584)
	at org.pickyourtrial.utils.Reporter.reportStep(Reporter.java:40)
	at org.pickyourtrial.wrappers.GenericWrappers.takeSnap(GenericWrappers.java:584)
	at org.pickyourtrial.utils.Reporter.reportStep(Reporter.java:40)
	at org.pickyourtrial.wrappers.GenericWrappers.takeSnap(GenericWrappers.java:584)
	at org.pickyourtrial.utils.Reporter.reportStep(Reporter.java:40)
	at org.pickyourtrial.wrappers.GenericWrappers.takeSnap(GenericWrappers.java:584)
	at org.pickyourtrial.utils.Reporter.reportStep(Reporter.java:40)
	at org.pickyourtrial.wrappers.GenericWrappers.takeSnap(GenericWrappers.java:584)
	at org.pickyourtrial.utils.Reporter.reportStep(Reporter.java:40)
	at org.pickyourtrial.wrappers.GenericWrappers.takeSnap(GenericWrappers.java:584)
	at org.pickyourtrial.utils.Reporter.reportStep(Reporter.java:40)
	at org.pickyourtrial.wrappers.GenericWrappers.takeSnap(GenericWrappers.java:584)
	at org.pickyourtrial.utils.Reporter.reportStep(Reporter.java:40)
	at org.pickyourtrial.wrappers.GenericWrappers.takeSnap(GenericWrappers.java:584)
	at org.pickyourtrial.utils.Reporter.reportStep(Reporter.java:40)
	at org.pickyourtrial.wrappers.GenericWrappers.takeSnap(GenericWrappers.java:584)
	at org.pickyourtrial.utils.Reporter.reportStep(Reporter.java:40)
	at org.pickyourtrial.wrappers.GenericWrappers.takeSnap(GenericWrappers.java:584)
	at org.pickyourtrial.utils.Reporter.reportStep(Reporter.java:40)
	at org.pickyourtrial.wrappers.GenericWrappers.takeSnap(GenericWrappers.java:584)
	at org.pickyourtrial.utils.Reporter.reportStep(Reporter.java:40)
	at org.pickyourtrial.wrappers.GenericWrappers.takeSnap(GenericWrappers.java:584)
	at org.pickyourtrial.utils.Reporter.reportStep(Reporter.java:40)
	at org.pickyourtrial.wrappers.GenericWrappers.takeSnap(GenericWrappers.java:584)
]]>
    </failure>
  </testcase> <!-- search -->
</testsuite> <!-- org.pickyourtrial.testcases.TC001 -->
