<?xml version="1.0" encoding="UTF-8"?>
<!-- Generated by org.testng.reporters.JUnitReportReporter -->
<testsuite hostname="DESKTOP-N7D0L45" name="org.pickyourtrial.regression.App" tests="1" failures="0" timestamp="22 Jun 2018 04:27:50 GMT" time="0.019" errors="0">
  <testcase name="firstTC" time="0.019" classname="org.pickyourtrial.regression.App"/>
</testsuite> <!-- org.pickyourtrial.regression.App -->
