<?xml version="1.0" encoding="UTF-8"?>
<!-- Generated by org.testng.reporters.JUnitReportReporter -->
<testsuite hostname="DESKTOP-N7D0L45" name="org.pickyourtrial.pages.FirstTC" tests="1" failures="0" timestamp="22 Jun 2018 05:22:28 GMT" time="46.077" errors="0">
  <testcase name="firstTC" time="46.077" classname="org.pickyourtrial.pages.FirstTC"/>
</testsuite> <!-- org.pickyourtrial.pages.FirstTC -->
